TN:
SF:src/App.tsx
FN:6,(anonymous_0)
FN:9,(anonymous_1)
FN:16,(anonymous_2)
FNF:3
FNH:3
FNDA:1,(anonymous_0)
FNDA:1,(anonymous_1)
FNDA:1,(anonymous_2)
DA:1,1
DA:2,1
DA:4,1
DA:6,1
DA:7,1
DA:9,1
DA:10,1
DA:13,1
DA:16,1
LF:9
LH:9
BRF:0
BRH:0
end_of_record
TN:
SF:src/index.tsx
FNF:0
FNH:0
DA:1,0
DA:2,0
DA:3,0
DA:4,0
DA:5,0
DA:7,0
DA:8,0
DA:9,0
DA:11,0
DA:12,0
LF:10
LH:0
BRF:0
BRH:0
end_of_record
TN:
SF:src/react-app-env.d.ts
FNF:0
FNH:0
LF:0
LH:0
BRF:0
BRH:0
end_of_record
TN:
SF:src/components/atoms/index.ts
FNF:0
FNH:0
DA:1,4
DA:2,4
DA:3,4
DA:4,4
DA:5,4
DA:6,4
DA:7,4
LF:7
LH:7
BRF:0
BRH:0
end_of_record
TN:
SF:src/components/atoms/ConditionalWrapper/ConditionalWrapper.tsx
FN:3,(anonymous_0)
FNF:1
FNH:1
FNDA:3,(anonymous_0)
DA:3,5
DA:4,3
DA:5,3
DA:6,3
DA:7,3
LF:5
LH:5
BRDA:7,0,0,1
BRDA:7,0,1,2
BRF:2
BRH:2
end_of_record
TN:
SF:src/components/atoms/ConditionalWrapper/index.ts
FN:1,(anonymous_0)
FNF:1
FNH:0
FNDA:0,(anonymous_0)
DA:1,4
LF:1
LH:1
BRF:0
BRH:0
end_of_record
TN:
SF:src/components/atoms/ErrorMessage/ErrorMessage.tsx
FN:6,(anonymous_1)
FNF:1
FNH:1
FNDA:2,(anonymous_1)
DA:1,6
DA:3,6
DA:6,6
DA:7,2
DA:8,2
DA:9,2
LF:6
LH:6
BRDA:7,0,0,1
BRDA:7,0,1,1
BRDA:8,1,0,1
BRDA:8,1,1,1
BRF:4
BRH:4
end_of_record
TN:
SF:src/components/atoms/ErrorMessage/index.ts
FNF:0
FNH:0
DA:1,5
LF:1
LH:1
BRF:0
BRH:0
end_of_record
TN:
SF:src/components/atoms/FormFields/index.ts
FNF:0
FNH:0
DA:1,4
DA:2,4
DA:3,4
DA:4,4
DA:5,4
DA:6,4
LF:6
LH:6
BRF:0
BRH:0
end_of_record
TN:
SF:src/components/atoms/FormFields/FormErrorMessage/FormErrorMessage.tsx
FN:5,(anonymous_0)
FNF:1
FNH:0
FNDA:0,(anonymous_0)
DA:1,5
DA:5,5
LF:2
LH:2
BRF:0
BRH:0
end_of_record
TN:
SF:src/components/atoms/FormFields/FormErrorMessage/index.ts
FNF:0
FNH:0
DA:1,5
LF:1
LH:1
BRF:0
BRH:0
end_of_record
TN:
SF:src/components/atoms/FormFields/FormImageField/FormImageField.tsx
FN:11,(anonymous_0)
FN:28,(anonymous_1)
FN:39,(anonymous_2)
FN:45,(anonymous_3)
FN:59,(anonymous_4)
FN:64,(anonymous_5)
FN:70,(anonymous_6)
FN:95,(anonymous_7)
FN:152,(anonymous_8)
FN:175,(anonymous_9)
FNF:10
FNH:0
FNDA:0,(anonymous_0)
FNDA:0,(anonymous_1)
FNDA:0,(anonymous_2)
FNDA:0,(anonymous_3)
FNDA:0,(anonymous_4)
FNDA:0,(anonymous_5)
FNDA:0,(anonymous_6)
FNDA:0,(anonymous_7)
FNDA:0,(anonymous_8)
FNDA:0,(anonymous_9)
DA:1,4
DA:2,4
DA:3,4
DA:4,4
DA:6,4
DA:7,4
DA:8,4
DA:11,4
DA:12,0
DA:13,0
DA:14,0
DA:15,0
DA:17,0
DA:18,0
DA:19,0
DA:20,0
DA:26,0
DA:28,0
DA:29,0
DA:30,0
DA:32,0
DA:33,0
DA:37,0
DA:39,0
DA:40,0
DA:41,0
DA:43,0
DA:45,0
DA:46,0
DA:47,0
DA:48,0
DA:49,0
DA:50,0
DA:52,0
DA:53,0
DA:54,0
DA:55,0
DA:59,0
DA:60,0
DA:61,0
DA:64,0
DA:65,0
DA:66,0
DA:67,0
DA:70,0
DA:71,0
DA:72,0
DA:76,0
DA:96,0
DA:153,0
DA:176,0
DA:177,0
LF:52
LH:8
BRDA:29,0,0,0
BRDA:30,1,0,0
BRDA:30,1,1,0
BRDA:30,2,0,0
BRDA:30,2,1,0
BRDA:32,3,0,0
BRDA:33,4,0,0
BRDA:33,4,1,0
BRDA:33,5,0,0
BRDA:33,5,1,0
BRDA:46,6,0,0
BRDA:46,6,1,0
BRDA:71,7,0,0
BRDA:72,8,0,0
BRDA:72,8,1,0
BRDA:72,9,0,0
BRDA:72,9,1,0
BRDA:78,10,0,0
BRDA:78,10,1,0
BRDA:79,11,0,0
BRDA:79,11,1,0
BRDA:176,12,0,0
BRDA:182,13,0,0
BRDA:182,13,1,0
BRDA:197,14,0,0
BRDA:197,14,1,0
BRDA:228,15,0,0
BRDA:228,15,1,0
BRF:28
BRH:0
end_of_record
TN:
SF:src/components/atoms/FormFields/FormImageField/index.ts
FNF:0
FNH:0
DA:1,4
LF:1
LH:1
BRF:0
BRH:0
end_of_record
TN:
SF:src/components/atoms/FormFields/FormInputField/FormInputField.tsx
FN:11,(anonymous_2)
FN:21,(anonymous_3)
FN:40,(anonymous_4)
FNF:3
FNH:2
FNDA:4,(anonymous_2)
FNDA:4,(anonymous_3)
FNDA:0,(anonymous_4)
DA:1,5
DA:2,5
DA:3,5
DA:4,5
DA:6,5
DA:7,5
DA:10,5
DA:12,4
DA:13,4
DA:14,4
DA:15,4
DA:16,4
DA:17,4
DA:18,4
DA:19,4
DA:21,4
DA:22,4
DA:24,4
DA:41,0
LF:19
LH:18
BRDA:26,0,0,4
BRDA:26,0,1,4
BRDA:32,1,0,0
BRDA:32,1,1,4
BRDA:35,2,0,4
BRDA:35,2,1,0
BRDA:52,3,0,4
BRDA:52,3,1,0
BRF:8
BRH:5
end_of_record
TN:
SF:src/components/atoms/FormFields/FormInputField/index.ts
FNF:0
FNH:0
DA:1,4
LF:1
LH:1
BRF:0
BRH:0
end_of_record
TN:
SF:src/components/atoms/FormFields/FormLabel/FormLabel.tsx
FN:6,(anonymous_1)
FNF:1
FNH:1
FNDA:7,(anonymous_1)
DA:1,5
DA:2,5
DA:6,7
LF:3
LH:3
BRDA:10,0,0,7
BRDA:10,0,1,6
BRDA:19,1,0,7
BRDA:19,1,1,2
BRF:4
BRH:4
end_of_record
TN:
SF:src/components/atoms/FormFields/FormLabel/index.ts
FNF:0
FNH:0
DA:1,5
LF:1
LH:1
BRF:0
BRH:0
end_of_record
TN:
SF:src/components/atoms/FormFields/FormResetButton/FormResetButton.tsx
FN:12,(anonymous_0)
FN:64,(anonymous_1)
FNF:2
FNH:1
FNDA:1,(anonymous_0)
FNDA:0,(anonymous_1)
DA:1,4
DA:12,4
DA:13,1
DA:14,1
DA:15,1
DA:16,1
DA:65,0
DA:66,0
LF:8
LH:6
BRF:0
BRH:0
end_of_record
TN:
SF:src/components/atoms/FormFields/FormResetButton/index.ts
FNF:0
FNH:0
DA:1,4
LF:1
LH:1
BRF:0
BRH:0
end_of_record
TN:
SF:src/components/atoms/FormFields/FormSelectField/FormSelectField.tsx
FN:8,(anonymous_2)
FN:17,(anonymous_3)
FN:32,(anonymous_4)
FN:38,(anonymous_5)
FNF:4
FNH:3
FNDA:3,(anonymous_2)
FNDA:3,(anonymous_3)
FNDA:0,(anonymous_4)
FNDA:18,(anonymous_5)
DA:1,4
DA:2,4
DA:4,4
DA:5,4
DA:8,4
DA:9,3
DA:10,3
DA:11,3
DA:12,3
DA:13,3
DA:14,3
DA:15,3
DA:17,3
DA:18,3
DA:19,6
DA:21,3
DA:23,3
DA:32,0
DA:38,18
LF:19
LH:18
BRDA:12,0,0,3
BRDA:12,0,1,0
BRDA:25,1,0,3
BRDA:25,1,1,3
BRDA:30,2,0,3
BRDA:30,2,1,0
BRDA:45,3,0,3
BRDA:45,3,1,0
BRF:8
BRH:5
end_of_record
TN:
SF:src/components/atoms/FormFields/FormSelectField/index.ts
FNF:0
FNH:0
DA:1,4
LF:1
LH:1
BRF:0
BRH:0
end_of_record
TN:
SF:src/components/atoms/Image/Image.tsx
FN:7,(anonymous_0)
FNF:1
FNH:1
FNDA:7,(anonymous_0)
DA:1,6
DA:2,6
DA:4,6
DA:7,7
DA:8,7
DA:9,7
LF:6
LH:6
BRF:0
BRH:0
end_of_record
TN:
SF:src/components/atoms/Image/index.ts
FNF:0
FNH:0
DA:1,5
LF:1
LH:1
BRF:0
BRH:0
end_of_record
TN:
SF:src/components/atoms/Listing-ListItem/Listing-ListItem.tsx
FN:10,(anonymous_1)
FN:15,(anonymous_2)
FN:18,(anonymous_3)
FN:22,(anonymous_4)
FNF:4
FNH:4
FNDA:3,(anonymous_1)
FNDA:4,(anonymous_2)
FNDA:11,(anonymous_3)
FNDA:1,(anonymous_4)
DA:1,6
DA:2,6
DA:3,6
DA:4,6
DA:5,6
DA:6,6
DA:10,6
DA:14,6
DA:15,6
DA:16,4
DA:18,11
DA:22,6
DA:23,1
DA:24,1
DA:25,1
DA:26,1
DA:27,1
DA:28,1
DA:29,1
DA:30,1
DA:31,1
DA:32,1
DA:33,1
DA:34,1
LF:24
LH:24
BRF:0
BRH:0
end_of_record
TN:
SF:src/components/atoms/Listing-ListItem/index.ts
FNF:0
FNH:0
DA:1,5
LF:1
LH:1
BRF:0
BRH:0
end_of_record
TN:
SF:src/components/atoms/ListingFilterChips/ListingFilterChips.tsx
FN:7,(anonymous_2)
FN:11,(anonymous_3)
FN:30,(anonymous_4)
FN:41,(anonymous_5)
FN:46,(anonymous_6)
FNF:5
FNH:3
FNDA:1,(anonymous_2)
FNDA:9,(anonymous_3)
FNDA:0,(anonymous_4)
FNDA:1,(anonymous_5)
FNDA:0,(anonymous_6)
DA:1,6
DA:5,6
DA:7,6
DA:11,6
DA:12,9
DA:13,9
DA:14,9
DA:15,9
DA:16,9
DA:17,9
DA:18,9
DA:30,0
DA:41,1
DA:47,0
LF:14
LH:12
BRDA:17,0,0,9
BRDA:17,0,1,0
BRDA:29,1,0,0
BRDA:29,1,1,9
BRDA:29,2,0,9
BRDA:29,2,1,9
BRDA:49,3,0,1
BRDA:49,3,1,0
BRF:8
BRH:5
end_of_record
TN:
SF:src/components/atoms/ListingFilterChips/index.ts
FNF:0
FNH:0
DA:1,5
LF:1
LH:1
BRF:0
BRH:0
end_of_record
TN:
SF:src/components/atoms/Main/Main.tsx
FN:5,(anonymous_0)
FNF:1
FNH:1
FNDA:3,(anonymous_0)
DA:1,5
DA:5,5
LF:2
LH:2
BRF:0
BRH:0
end_of_record
TN:
SF:src/components/atoms/Main/index.ts
FN:1,(anonymous_0)
FNF:1
FNH:1
FNDA:2,(anonymous_0)
DA:1,6
LF:1
LH:1
BRF:0
BRH:0
end_of_record
TN:
SF:src/components/atoms/Wrapper/Wrapper.tsx
FN:5,(anonymous_0)
FNF:1
FNH:1
FNDA:3,(anonymous_0)
DA:1,5
DA:5,5
LF:2
LH:2
BRF:0
BRH:0
end_of_record
TN:
SF:src/components/atoms/Wrapper/index.ts
FNF:0
FNH:0
DA:1,4
LF:1
LH:1
BRF:0
BRH:0
end_of_record
TN:
SF:src/components/molecules/index.ts
FNF:0
FNH:0
DA:1,4
DA:2,4
DA:3,4
DA:4,4
DA:5,4
DA:6,4
LF:6
LH:6
BRF:0
BRH:0
end_of_record
TN:
SF:src/components/molecules/Footer/Footer.tsx
FN:6,(anonymous_1)
FNF:1
FNH:1
FNDA:3,(anonymous_1)
DA:1,5
DA:3,5
DA:4,5
DA:6,5
LF:4
LH:4
BRF:0
BRH:0
end_of_record
TN:
SF:src/components/molecules/Footer/index.ts
FNF:0
FNH:0
DA:1,4
LF:1
LH:1
BRF:0
BRH:0
end_of_record
TN:
SF:src/components/molecules/Header/Header.tsx
FN:9,(anonymous_1)
FN:27,(anonymous_2)
FNF:2
FNH:2
FNDA:3,(anonymous_1)
FNDA:6,(anonymous_2)
DA:1,4
DA:2,4
DA:4,4
DA:5,4
DA:6,4
DA:7,4
DA:9,4
DA:27,6
LF:8
LH:8
BRF:0
BRH:0
end_of_record
TN:
SF:src/components/molecules/Header/index.ts
FNF:0
FNH:0
DA:1,4
LF:1
LH:1
BRF:0
BRH:0
end_of_record
TN:
SF:src/components/molecules/ListingFilters/ListingFilter.tsx
FN:7,(anonymous_1)
FN:23,(anonymous_2)
FN:62,(anonymous_3)
FN:70,(anonymous_4)
FNF:4
FNH:1
FNDA:8,(anonymous_1)
FNDA:0,(anonymous_2)
FNDA:0,(anonymous_3)
FNDA:0,(anonymous_4)
DA:1,5
DA:2,5
DA:4,5
DA:7,5
DA:8,8
DA:9,8
DA:10,8
DA:11,8
DA:12,8
DA:13,8
DA:14,8
DA:15,8
DA:16,8
DA:17,8
DA:20,8
DA:24,0
DA:62,0
DA:71,0
LF:18
LH:15
BRF:0
BRH:0
end_of_record
TN:
SF:src/components/molecules/ListingFilters/ListingFilters.tsx
FN:8,(anonymous_3)
FN:15,(anonymous_4)
FN:18,(anonymous_5)
FN:56,(anonymous_6)
FN:57,(anonymous_7)
FN:59,(anonymous_8)
FN:60,(anonymous_9)
FN:61,(anonymous_10)
FNF:8
FNH:2
FNDA:6,(anonymous_3)
FNDA:0,(anonymous_4)
FNDA:0,(anonymous_5)
FNDA:8,(anonymous_6)
FNDA:0,(anonymous_7)
FNDA:0,(anonymous_8)
FNDA:0,(anonymous_9)
FNDA:0,(anonymous_10)
DA:1,5
DA:2,5
DA:4,5
DA:5,5
DA:8,5
DA:9,6
DA:10,6
DA:12,6
DA:13,6
DA:15,6
DA:16,0
DA:17,0
DA:18,0
DA:22,6
DA:57,8
DA:58,0
DA:59,0
DA:60,0
DA:61,0
DA:66,8
LF:20
LH:13
BRDA:9,0,0,0
BRDA:9,0,1,6
BRDA:10,1,0,0
BRDA:10,1,1,6
BRDA:18,2,0,0
BRDA:18,2,1,0
BRDA:60,3,0,0
BRDA:60,3,1,0
BRF:8
BRH:2
end_of_record
TN:
SF:src/components/molecules/ListingFilters/index.ts
FNF:0
FNH:0
DA:1,4
LF:1
LH:1
BRF:0
BRH:0
end_of_record
TN:
SF:src/components/molecules/ListingList/ListingList.tsx
FN:13,(anonymous_2)
FN:19,(anonymous_3)
FN:53,(anonymous_4)
FN:57,(anonymous_5)
FN:62,(anonymous_6)
FNF:5
FNH:2
FNDA:6,(anonymous_2)
FNDA:0,(anonymous_3)
FNDA:3,(anonymous_4)
FNDA:0,(anonymous_5)
FNDA:0,(anonymous_6)
DA:1,5
DA:2,5
DA:3,5
DA:5,5
DA:6,5
DA:7,5
DA:8,5
DA:11,5
DA:13,6
DA:14,6
DA:15,6
DA:17,6
DA:19,6
DA:20,0
DA:25,6
DA:53,3
DA:57,0
DA:63,0
LF:18
LH:15
BRDA:13,0,0,0
BRDA:13,0,1,6
BRDA:13,1,0,0
BRDA:13,1,1,6
BRDA:21,2,0,0
BRDA:21,2,1,0
BRDA:27,3,0,1
BRDA:27,3,1,5
BRDA:35,4,0,1
BRDA:35,4,1,4
BRDA:37,5,0,0
BRDA:37,5,1,4
BRDA:38,6,0,0
BRDA:38,6,1,0
BRDA:42,7,0,5
BRDA:42,7,1,4
BRDA:52,8,0,5
BRDA:52,8,1,1
BRDA:60,9,0,5
BRDA:60,9,1,0
BRDA:60,10,0,0
BRDA:60,10,1,5
BRDA:60,11,0,5
BRDA:60,11,1,5
BRDA:68,12,0,0
BRDA:68,12,1,0
BRDA:71,13,0,0
BRDA:71,13,1,0
BRF:28
BRH:15
end_of_record
TN:
SF:src/components/molecules/ListingList/index.ts
FNF:0
FNH:0
DA:1,4
LF:1
LH:1
BRF:0
BRH:0
end_of_record
TN:
SF:src/components/molecules/ListingSearch/ListingSearch.tsx
FN:25,(anonymous_1)
FN:36,(anonymous_2)
FN:41,(anonymous_3)
FN:50,(anonymous_4)
FN:67,(anonymous_5)
FN:80,(anonymous_6)
FN:92,(anonymous_7)
FN:108,(anonymous_8)
FN:131,(anonymous_9)
FNF:9
FNH:2
FNDA:5,(anonymous_1)
FNDA:0,(anonymous_2)
FNDA:3,(anonymous_3)
FNDA:0,(anonymous_4)
FNDA:0,(anonymous_5)
FNDA:0,(anonymous_6)
FNDA:0,(anonymous_7)
FNDA:0,(anonymous_8)
FNDA:0,(anonymous_9)
DA:1,5
DA:2,5
DA:3,5
DA:13,5
DA:14,5
DA:16,5
DA:17,5
DA:18,5
DA:19,5
DA:22,5
DA:23,5
DA:25,5
DA:26,5
DA:27,5
DA:32,5
DA:34,5
DA:36,5
DA:37,0
DA:38,0
DA:41,5
DA:42,3
DA:45,5
DA:51,0
DA:68,0
DA:81,0
DA:93,0
DA:108,0
DA:131,0
DA:132,0
DA:133,0
DA:135,0
DA:136,0
LF:32
LH:20
BRDA:25,0,0,0
BRDA:25,0,1,5
BRDA:28,1,0,5
BRDA:28,1,1,0
BRDA:64,2,0,0
BRDA:64,2,1,5
BRDA:77,3,0,5
BRDA:77,3,1,0
BRDA:101,4,0,5
BRDA:101,4,1,0
BRDA:106,5,0,5
BRDA:106,5,1,0
BRDA:129,6,0,0
BRDA:129,6,1,0
BRDA:132,7,0,0
BRDA:143,8,0,0
BRDA:143,8,1,0
BRF:17
BRH:6
end_of_record
TN:
SF:src/components/molecules/ListingSearch/index.ts
FNF:0
FNH:0
DA:1,4
LF:1
LH:1
BRF:0
BRH:0
end_of_record
TN:
SF:src/components/molecules/ListingView/ListingView.tsx
FN:12,(anonymous_1)
FN:17,(anonymous_2)
FN:21,(anonymous_3)
FN:33,(anonymous_4)
FN:119,(anonymous_5)
FNF:5
FNH:0
FNDA:0,(anonymous_1)
FNDA:0,(anonymous_2)
FNDA:0,(anonymous_3)
FNDA:0,(anonymous_4)
FNDA:0,(anonymous_5)
DA:1,4
DA:2,4
DA:3,4
DA:4,4
DA:5,4
DA:6,4
DA:9,4
DA:10,4
DA:12,4
DA:13,0
DA:14,0
DA:17,4
DA:18,0
DA:21,4
DA:22,0
DA:23,0
DA:24,0
DA:25,0
DA:26,0
DA:27,0
DA:28,0
DA:29,0
DA:30,0
DA:32,0
DA:33,0
DA:34,0
DA:36,0
DA:37,0
DA:38,0
DA:39,0
DA:40,0
DA:41,0
DA:43,0
DA:44,0
DA:45,0
DA:46,0
DA:47,0
DA:48,0
DA:49,0
DA:50,0
DA:51,0
DA:52,0
DA:58,0
DA:121,0
LF:44
LH:11
BRDA:36,0,0,0
BRDA:121,1,0,0
BRDA:121,1,1,0
BRF:3
BRH:0
end_of_record
TN:
SF:src/components/molecules/ListingView/index.ts
FNF:0
FNH:0
DA:1,4
LF:1
LH:1
BRF:0
BRH:0
end_of_record
TN:
SF:src/components/organisms/index.ts
FNF:0
FNH:0
DA:1,1
DA:2,1
LF:2
LH:2
BRF:0
BRH:0
end_of_record
TN:
SF:src/components/organisms/ListingFinder/ListingFinder.tsx
FN:6,(anonymous_0)
FNF:1
FNH:1
FNDA:3,(anonymous_0)
DA:1,2
DA:3,2
DA:6,2
DA:7,3
DA:8,3
DA:9,3
LF:6
LH:6
BRDA:7,0,0,0
BRDA:7,0,1,3
BRDA:8,1,0,0
BRDA:8,1,1,3
BRF:4
BRH:2
end_of_record
TN:
SF:src/components/organisms/ListingFinder/index.ts
FNF:0
FNH:0
DA:1,1
LF:1
LH:1
BRF:0
BRH:0
end_of_record
TN:
SF:src/components/organisms/ListingForm/ListingForm.config.ts
FN:46,(anonymous_0)
FNF:1
FNH:1
FNDA:1,(anonymous_0)
DA:1,2
DA:5,2
DA:11,2
DA:27,2
DA:29,2
DA:38,2
DA:44,2
DA:46,2
DA:47,1
DA:48,1
DA:51,2
LF:11
LH:11
BRDA:47,0,0,1
BRDA:47,0,1,0
BRF:2
BRH:1
end_of_record
TN:
SF:src/components/organisms/ListingForm/ListingForm.tsx
FN:35,(anonymous_17)
FN:46,(anonymous_18)
FN:46,(anonymous_19)
FN:51,(anonymous_21)
FN:58,(anonymous_22)
FN:58,(anonymous_23)
FN:80,(anonymous_25)
FN:97,(anonymous_26)
FN:101,(anonymous_27)
FN:102,(anonymous_28)
FN:102,(anonymous_29)
FN:114,(anonymous_31)
FN:129,(anonymous_32)
FN:132,(anonymous_33)
FN:163,(anonymous_34)
FN:172,(anonymous_35)
FN:191,(anonymous_36)
FN:317,(anonymous_37)
FN:327,(anonymous_38)
FNF:19
FNH:4
FNDA:1,(anonymous_17)
FNDA:0,(anonymous_18)
FNDA:0,(anonymous_19)
FNDA:0,(anonymous_21)
FNDA:0,(anonymous_22)
FNDA:0,(anonymous_23)
FNDA:1,(anonymous_25)
FNDA:0,(anonymous_26)
FNDA:1,(anonymous_27)
FNDA:0,(anonymous_28)
FNDA:0,(anonymous_29)
FNDA:0,(anonymous_31)
FNDA:0,(anonymous_32)
FNDA:0,(anonymous_33)
FNDA:0,(anonymous_34)
FNDA:3,(anonymous_35)
FNDA:0,(anonymous_36)
FNDA:0,(anonymous_37)
FNDA:0,(anonymous_38)
DA:1,2
DA:2,2
DA:13,2
DA:14,2
DA:15,2
DA:16,2
DA:17,2
DA:20,2
DA:26,2
DA:27,2
DA:35,2
DA:36,1
DA:38,1
DA:39,1
DA:40,1
DA:41,1
DA:42,1
DA:44,1
DA:46,1
DA:47,0
DA:48,0
DA:51,1
DA:52,0
DA:53,0
DA:54,0
DA:58,1
DA:59,0
DA:60,0
DA:62,0
DA:64,0
DA:65,0
DA:69,0
DA:72,0
DA:73,0
DA:76,0
DA:80,1
DA:81,1
DA:83,1
DA:84,0
DA:88,1
DA:98,0
DA:101,1
DA:102,1
DA:103,0
DA:104,0
DA:105,0
DA:108,0
DA:109,0
DA:111,0
DA:112,0
DA:114,0
DA:115,0
DA:116,0
DA:117,0
DA:119,0
DA:120,0
DA:121,0
DA:125,1
DA:130,0
DA:133,0
DA:134,0
DA:135,0
DA:136,0
DA:164,0
DA:173,3
DA:177,3
DA:178,3
DA:179,0
DA:184,0
DA:186,3
DA:192,0
DA:318,0
DA:328,0
DA:329,0
DA:330,0
DA:332,0
LF:76
LH:32
BRDA:52,0,0,0
BRDA:52,0,1,0
BRDA:52,1,0,0
BRDA:52,1,1,0
BRDA:53,2,0,0
BRDA:83,3,0,0
BRDA:103,4,0,0
BRDA:111,5,0,0
BRDA:119,6,0,0
BRDA:178,7,0,0
BRDA:208,8,0,0
BRDA:208,8,1,1
BRDA:218,9,0,1
BRDA:218,9,1,1
BRDA:219,10,0,1
BRDA:219,10,1,1
BRDA:283,11,0,1
BRDA:283,11,1,0
BRDA:300,12,0,1
BRDA:300,12,1,0
BRDA:302,13,0,1
BRDA:302,13,1,0
BRDA:328,14,0,0
BRDA:332,15,0,0
BRDA:332,15,1,0
BRDA:335,16,0,0
BRDA:335,16,1,1
BRF:27
BRH:9
end_of_record
TN:
SF:src/components/organisms/ListingForm/index.ts
FNF:0
FNH:0
DA:1,1
LF:1
LH:1
BRF:0
BRH:0
end_of_record
TN:
SF:src/components/pages/index.ts
FNF:0
FNH:0
DA:1,1
DA:2,1
DA:3,1
LF:3
LH:3
BRF:0
BRH:0
end_of_record
TN:
SF:src/components/pages/CreateListingPage/CreateListingPage.tsx
FN:3,(anonymous_0)
FNF:1
FNH:0
FNDA:0,(anonymous_0)
DA:1,1
DA:3,1
DA:4,0
LF:3
LH:2
BRF:0
BRH:0
end_of_record
TN:
SF:src/components/pages/CreateListingPage/index.ts
FNF:0
FNH:0
DA:1,1
LF:1
LH:1
BRF:0
BRH:0
end_of_record
TN:
SF:src/components/pages/ListingDetailPage/ListingDetailPage.tsx
FN:8,(anonymous_0)
FNF:1
FNH:0
FNDA:0,(anonymous_0)
DA:1,1
DA:3,1
DA:4,1
DA:6,1
DA:8,1
DA:9,0
DA:10,0
DA:12,0
DA:15,0
DA:16,0
DA:19,0
LF:11
LH:5
BRDA:15,0,0,0
BRF:1
BRH:0
end_of_record
TN:
SF:src/components/pages/ListingDetailPage/index.ts
FNF:0
FNH:0
DA:1,1
LF:1
LH:1
BRF:0
BRH:0
end_of_record
TN:
SF:src/components/pages/ListingsPage/ListingsPage.tsx
FN:9,(anonymous_0)
FN:16,(anonymous_1)
FNF:2
FNH:2
FNDA:2,(anonymous_0)
FNDA:1,(anonymous_1)
DA:1,1
DA:3,1
DA:4,1
DA:5,1
DA:7,1
DA:9,1
DA:10,2
DA:14,2
DA:16,2
DA:17,1
DA:18,1
DA:21,0
DA:24,2
LF:13
LH:12
BRDA:17,0,0,1
BRF:1
BRH:1
end_of_record
TN:
SF:src/components/pages/ListingsPage/index.ts
FNF:0
FNH:0
DA:1,1
LF:1
LH:1
BRF:0
BRH:0
end_of_record
TN:
SF:src/components/templates/index.ts
FNF:0
FNH:0
DA:1,1
DA:2,1
DA:3,1
LF:3
LH:3
BRF:0
BRH:0
end_of_record
TN:
SF:src/components/templates/CreateListingTemplate/CreateListingTemplate.tsx
FN:5,(anonymous_0)
FNF:1
FNH:0
FNDA:0,(anonymous_0)
DA:1,1
DA:2,1
DA:3,1
DA:5,1
LF:4
LH:4
BRF:0
BRH:0
end_of_record
TN:
SF:src/components/templates/CreateListingTemplate/index.ts
FNF:0
FNH:0
DA:1,1
LF:1
LH:1
BRF:0
BRH:0
end_of_record
TN:
SF:src/components/templates/ListingDetailTemplate/ListingDetailTemplate.tsx
FN:8,(anonymous_2)
FNF:1
FNH:0
FNDA:0,(anonymous_2)
DA:1,1
DA:4,1
DA:5,1
DA:8,1
DA:9,0
DA:10,0
DA:11,0
DA:12,0
LF:8
LH:4
BRDA:16,0,0,0
BRDA:16,0,1,0
BRDA:18,1,0,0
BRDA:18,1,1,0
BRF:4
BRH:0
end_of_record
TN:
SF:src/components/templates/ListingDetailTemplate/index.ts
FNF:0
FNH:0
DA:1,1
LF:1
LH:1
BRF:0
BRH:0
end_of_record
TN:
SF:src/components/templates/ListingTemplate/ListingTemplate.tsx
FN:6,(anonymous_2)
FNF:1
FNH:1
FNDA:2,(anonymous_2)
DA:1,1
DA:2,1
DA:3,1
DA:6,2
LF:4
LH:4
BRF:0
BRH:0
end_of_record
TN:
SF:src/components/templates/ListingTemplate/index.ts
FNF:0
FNH:0
DA:1,1
LF:1
LH:1
BRF:0
BRH:0
end_of_record
TN:
SF:src/config/index.ts
FNF:0
FNH:0
DA:1,8
LF:1
LH:1
BRF:0
BRH:0
end_of_record
TN:
SF:src/config/listings-config.ts
FNF:0
FNH:0
DA:1,8
DA:6,8
DA:8,8
DA:10,8
DA:12,8
DA:16,8
DA:21,8
LF:7
LH:7
BRF:0
BRH:0
end_of_record
TN:
SF:src/filters/index.ts
FNF:0
FNH:0
DA:1,7
DA:2,7
LF:2
LH:2
BRF:0
BRH:0
end_of_record
TN:
SF:src/filters/filter-listings/filter-listings.ts
FN:5,(anonymous_0)
FN:12,(anonymous_1)
FN:13,(anonymous_2)
FN:15,(anonymous_3)
FN:17,(anonymous_4)
FN:18,(anonymous_5)
FN:20,(anonymous_6)
FN:21,(anonymous_7)
FN:23,(anonymous_8)
FN:26,(anonymous_9)
FNF:10
FNH:10
FNDA:10,(anonymous_0)
FNDA:30,(anonymous_1)
FNDA:20,(anonymous_2)
FNDA:24,(anonymous_3)
FNDA:7,(anonymous_4)
FNDA:24,(anonymous_5)
FNDA:7,(anonymous_6)
FNDA:24,(anonymous_7)
FNDA:7,(anonymous_8)
FNDA:30,(anonymous_9)
DA:1,8
DA:5,8
DA:12,10
DA:13,30
DA:15,10
DA:16,24
DA:17,7
DA:18,10
DA:19,24
DA:20,7
DA:21,10
DA:22,24
DA:23,7
DA:25,10
DA:27,30
LF:15
LH:15
BRDA:13,0,0,30
BRDA:13,0,1,10
BRDA:16,1,0,24
BRDA:16,1,1,7
BRDA:19,2,0,24
BRDA:19,2,1,7
BRDA:22,3,0,24
BRDA:22,3,1,7
BRDA:27,4,0,30
BRDA:27,4,1,24
BRDA:27,4,2,24
BRDA:27,4,3,24
BRF:12
BRH:12
end_of_record
TN:
SF:src/filters/filter-listings/index.ts
FNF:0
FNH:0
DA:1,7
LF:1
LH:1
BRF:0
BRH:0
end_of_record
TN:
SF:src/filters/generate-listings-filters/generate-listings-filters.ts
FN:6,(anonymous_0)
FN:12,(anonymous_1)
FN:19,(anonymous_2)
FN:23,(anonymous_3)
FN:28,(anonymous_4)
FN:34,(anonymous_5)
FNF:6
FNH:6
FNDA:5,(anonymous_0)
FNDA:5,(anonymous_1)
FNDA:2,(anonymous_2)
FNDA:1,(anonymous_3)
FNDA:1,(anonymous_4)
FNDA:1,(anonymous_5)
DA:1,8
DA:6,8
DA:7,5
DA:8,5
DA:9,5
DA:10,5
DA:12,5
DA:13,5
DA:14,5
DA:15,5
DA:16,5
DA:19,5
DA:23,5
DA:27,5
DA:28,1
DA:33,5
DA:34,1
DA:40,5
LF:18
LH:18
BRF:0
BRH:0
end_of_record
TN:
SF:src/filters/generate-listings-filters/index.ts
FNF:0
FNH:0
DA:1,7
LF:1
LH:1
BRF:0
BRH:0
end_of_record
TN:
SF:src/hooks/index.ts
FNF:0
FNH:0
DA:1,5
DA:2,5
LF:2
LH:2
BRF:0
BRH:0
end_of_record
TN:
SF:src/hooks/useFetch/index.ts
FNF:0
FNH:0
DA:1,5
LF:1
LH:1
BRF:0
BRH:0
end_of_record
TN:
SF:src/hooks/useFetch/useFetch.ts
FN:5,(anonymous_13)
FN:15,(anonymous_14)
FN:16,(anonymous_15)
FNF:3
FNH:3
FNDA:2,(anonymous_13)
FNDA:1,(anonymous_14)
FNDA:2,(anonymous_15)
DA:3,5
DA:5,5
DA:12,2
DA:13,2
DA:15,2
DA:16,1
DA:18,1
DA:20,0
DA:21,0
DA:23,0
DA:24,0
DA:26,1
DA:31,2
LF:13
LH:9
BRDA:20,0,0,0
BRDA:26,1,0,1
BRDA:26,1,1,0
BRF:3
BRH:1
end_of_record
TN:
SF:src/hooks/useSearch/index.ts
FNF:0
FNH:0
DA:1,5
LF:1
LH:1
BRF:0
BRH:0
end_of_record
TN:
SF:src/hooks/useSearch/useSearch.tsx
FN:6,(anonymous_3)
FN:14,(anonymous_4)
FN:27,(anonymous_5)
FN:34,(anonymous_6)
FNF:4
FNH:4
FNDA:11,(anonymous_3)
FNDA:7,(anonymous_4)
FNDA:9,(anonymous_5)
FNDA:2,(anonymous_6)
DA:1,6
DA:2,6
DA:6,6
DA:11,11
DA:13,11
DA:15,7
DA:27,11
DA:28,9
DA:29,6
DA:32,3
DA:34,2
DA:37,11
LF:12
LH:12
BRDA:17,0,0,4
BRDA:17,0,1,3
BRDA:17,1,0,7
BRDA:17,1,1,7
BRDA:28,2,0,6
BRDA:34,3,0,1
BRDA:34,3,1,1
BRDA:34,4,0,2
BRDA:34,4,1,2
BRF:9
BRH:9
end_of_record
TN:
SF:src/mocks/index.ts
FNF:0
FNH:0
DA:1,2
LF:1
LH:1
BRF:0
BRH:0
end_of_record
TN:
SF:src/mocks/listings.ts
FNF:0
FNH:0
DA:3,2
LF:1
LH:1
BRF:0
BRH:0
end_of_record
TN:
SF:src/providers/index.ts
FNF:0
FNH:0
DA:1,7
LF:1
LH:1
BRF:0
BRH:0
end_of_record
TN:
SF:src/providers/ListingFiltersProvider/ListingFitersProvider.tsx
FN:15,(anonymous_0)
FN:20,(anonymous_1)
FN:31,(anonymous_2)
FN:48,(anonymous_3)
FN:57,(anonymous_4)
FN:66,(anonymous_5)
FN:75,(anonymous_6)
FN:86,(anonymous_7)
FNF:8
FNH:3
FNDA:0,(anonymous_0)
FNDA:8,(anonymous_1)
FNDA:4,(anonymous_2)
FNDA:0,(anonymous_3)
FNDA:0,(anonymous_4)
FNDA:0,(anonymous_5)
FNDA:0,(anonymous_6)
FNDA:8,(anonymous_7)
DA:1,7
DA:2,7
DA:4,7
DA:13,7
DA:15,0
DA:20,8
DA:21,8
DA:22,8
DA:24,8
DA:25,8
DA:26,8
DA:27,8
DA:29,8
DA:31,8
DA:32,4
DA:33,0
DA:37,4
DA:38,4
DA:39,4
DA:40,4
DA:41,4
DA:43,4
DA:49,0
DA:58,0
DA:67,0
DA:76,0
DA:82,4
DA:85,8
DA:86,8
DA:95,8
LF:30
LH:24
BRDA:32,0,0,0
BRF:1
BRH:0
end_of_record
TN:
SF:src/providers/ListingFiltersProvider/index.ts
FNF:0
FNH:0
DA:1,7
LF:1
LH:1
BRF:0
BRH:0
end_of_record
TN:
SF:src/themes/index.ts
FNF:0
FNH:0
DA:1,0
LF:1
LH:0
BRF:0
BRH:0
end_of_record
TN:
SF:src/themes/theme.ts
FNF:0
FNH:0
DA:1,1
DA:2,1
DA:4,1
DA:8,1
DA:36,1
DA:50,1
DA:54,1
LF:7
LH:7
BRF:0
BRH:0
end_of_record
TN:
SF:src/themes/theme.type.ts
FNF:0
FNH:0
DA:1,0
LF:1
LH:0
BRF:0
BRH:0
end_of_record
TN:
SF:src/types/index.ts
FNF:0
FNH:0
DA:1,0
LF:1
LH:0
BRF:0
BRH:0
end_of_record
TN:
SF:src/utils/get-chars-between-indices.ts
FN:3,(anonymous_0)
FNF:1
FNH:1
FNDA:3,(anonymous_0)
DA:3,6
DA:7,3
DA:8,3
DA:10,3
DA:11,3
DA:12,3
DA:14,3
LF:7
LH:7
BRF:0
BRH:0
end_of_record
TN:
SF:src/utils/index.ts
FNF:0
FNH:0
DA:1,5
DA:2,5
LF:2
LH:2
BRF:0
BRH:0
end_of_record
TN:
SF:src/utils/validations.ts
FN:1,(anonymous_0)
FN:4,(anonymous_1)
FN:10,(anonymous_2)
FN:17,(anonymous_3)
FNF:4
FNH:0
FNDA:0,(anonymous_0)
FNDA:0,(anonymous_1)
FNDA:0,(anonymous_2)
FNDA:0,(anonymous_3)
DA:1,5
DA:2,0
DA:4,5
DA:5,0
DA:6,0
DA:10,5
DA:11,0
DA:12,0
DA:13,0
DA:17,5
DA:22,0
DA:24,0
DA:25,0
DA:28,0
DA:29,0
DA:32,0
DA:34,0
DA:35,0
LF:18
LH:4
BRDA:5,0,0,0
BRDA:12,1,0,0
BRDA:24,2,0,0
BRDA:24,3,0,0
BRDA:24,3,1,0
BRDA:28,4,0,0
BRDA:34,5,0,0
BRF:7
BRH:0
end_of_record
